ERROR - 2023-09-18 22:15:30 --> mysqli_sql_exception: Table 'ttoledo.Pessoa' doesn't exist in /home/www/html/ttoledo/ads107/aulas/system/Database/MySQLi/Connection.php:295
Stack trace:
#0 /home/www/html/ttoledo/ads107/aulas/system/Database/MySQLi/Connection.php(295): mysqli->query()
#1 /home/www/html/ttoledo/ads107/aulas/system/Database/BaseConnection.php(692): CodeIgniter\Database\MySQLi\Connection->execute()
#2 /home/www/html/ttoledo/ads107/aulas/system/Database/BaseConnection.php(606): CodeIgniter\Database\BaseConnection->simpleQuery()
#3 /home/www/html/ttoledo/ads107/aulas/system/Database/BaseBuilder.php(1616): CodeIgniter\Database\BaseConnection->query()
#4 /home/www/html/ttoledo/ads107/aulas/system/Model.php(241): CodeIgniter\Database\BaseBuilder->get()
#5 /home/www/html/ttoledo/ads107/aulas/system/BaseModel.php(618): CodeIgniter\Model->doFindAll()
#6 /home/www/html/ttoledo/ads107/aulas/app/Controllers/Pessoa.php(10): CodeIgniter\BaseModel->findAll()
#7 /home/www/html/ttoledo/ads107/aulas/system/CodeIgniter.php(932): App\Controllers\Pessoa::exibir()
#8 /home/www/html/ttoledo/ads107/aulas/system/CodeIgniter.php(497): CodeIgniter\CodeIgniter->runController()
#9 /home/www/html/ttoledo/ads107/aulas/system/CodeIgniter.php(366): CodeIgniter\CodeIgniter->handleRequest()
#10 /home/www/html/ttoledo/ads107/aulas/public/index.php(67): CodeIgniter\CodeIgniter->run()
#11 {main}
CRITICAL - 2023-09-18 22:15:30 --> Table 'ttoledo.Pessoa' doesn't exist
in SYSTEMPATH/Database/MySQLi/Connection.php on line 295.
 1 SYSTEMPATH/Database/MySQLi/Connection.php(295): mysqli->query()
 2 SYSTEMPATH/Database/BaseConnection.php(692): CodeIgniter\Database\MySQLi\Connection->execute()
 3 SYSTEMPATH/Database/BaseConnection.php(606): CodeIgniter\Database\BaseConnection->simpleQuery()
 4 SYSTEMPATH/Database/BaseBuilder.php(1616): CodeIgniter\Database\BaseConnection->query()
 5 SYSTEMPATH/Model.php(241): CodeIgniter\Database\BaseBuilder->get()
 6 SYSTEMPATH/BaseModel.php(618): CodeIgniter\Model->doFindAll()
 7 APPPATH/Controllers/Pessoa.php(10): CodeIgniter\BaseModel->findAll()
 8 SYSTEMPATH/CodeIgniter.php(932): App\Controllers\Pessoa::exibir()
 9 SYSTEMPATH/CodeIgniter.php(497): CodeIgniter\CodeIgniter->runController()
10 SYSTEMPATH/CodeIgniter.php(366): CodeIgniter\CodeIgniter->handleRequest()
11 FCPATH/index.php(67): CodeIgniter\CodeIgniter->run()
ERROR - 2023-09-18 22:15:52 --> mysqli_sql_exception: Table 'vquintas.Pessoa' doesn't exist in /home/www/html/ttoledo/ads107/aulas/system/Database/MySQLi/Connection.php:295
Stack trace:
#0 /home/www/html/ttoledo/ads107/aulas/system/Database/MySQLi/Connection.php(295): mysqli->query()
#1 /home/www/html/ttoledo/ads107/aulas/system/Database/BaseConnection.php(692): CodeIgniter\Database\MySQLi\Connection->execute()
#2 /home/www/html/ttoledo/ads107/aulas/system/Database/BaseConnection.php(606): CodeIgniter\Database\BaseConnection->simpleQuery()
#3 /home/www/html/ttoledo/ads107/aulas/system/Database/BaseBuilder.php(1616): CodeIgniter\Database\BaseConnection->query()
#4 /home/www/html/ttoledo/ads107/aulas/system/Model.php(241): CodeIgniter\Database\BaseBuilder->get()
#5 /home/www/html/ttoledo/ads107/aulas/system/BaseModel.php(618): CodeIgniter\Model->doFindAll()
#6 /home/www/html/ttoledo/ads107/aulas/app/Controllers/Pessoa.php(10): CodeIgniter\BaseModel->findAll()
#7 /home/www/html/ttoledo/ads107/aulas/system/CodeIgniter.php(932): App\Controllers\Pessoa::exibir()
#8 /home/www/html/ttoledo/ads107/aulas/system/CodeIgniter.php(497): CodeIgniter\CodeIgniter->runController()
#9 /home/www/html/ttoledo/ads107/aulas/system/CodeIgniter.php(366): CodeIgniter\CodeIgniter->handleRequest()
#10 /home/www/html/ttoledo/ads107/aulas/public/index.php(67): CodeIgniter\CodeIgniter->run()
#11 {main}
CRITICAL - 2023-09-18 22:15:52 --> Table 'vquintas.Pessoa' doesn't exist
in SYSTEMPATH/Database/MySQLi/Connection.php on line 295.
 1 SYSTEMPATH/Database/MySQLi/Connection.php(295): mysqli->query()
 2 SYSTEMPATH/Database/BaseConnection.php(692): CodeIgniter\Database\MySQLi\Connection->execute()
 3 SYSTEMPATH/Database/BaseConnection.php(606): CodeIgniter\Database\BaseConnection->simpleQuery()
 4 SYSTEMPATH/Database/BaseBuilder.php(1616): CodeIgniter\Database\BaseConnection->query()
 5 SYSTEMPATH/Model.php(241): CodeIgniter\Database\BaseBuilder->get()
 6 SYSTEMPATH/BaseModel.php(618): CodeIgniter\Model->doFindAll()
 7 APPPATH/Controllers/Pessoa.php(10): CodeIgniter\BaseModel->findAll()
 8 SYSTEMPATH/CodeIgniter.php(932): App\Controllers\Pessoa::exibir()
 9 SYSTEMPATH/CodeIgniter.php(497): CodeIgniter\CodeIgniter->runController()
10 SYSTEMPATH/CodeIgniter.php(366): CodeIgniter\CodeIgniter->handleRequest()
11 FCPATH/index.php(67): CodeIgniter\CodeIgniter->run()
ERROR - 2023-09-18 22:15:52 --> mysqli_sql_exception: Table 'vquintas.Pessoa' doesn't exist in /home/www/html/ttoledo/ads107/aulas/system/Database/MySQLi/Connection.php:295
Stack trace:
#0 /home/www/html/ttoledo/ads107/aulas/system/Database/MySQLi/Connection.php(295): mysqli->query()
#1 /home/www/html/ttoledo/ads107/aulas/system/Database/BaseConnection.php(692): CodeIgniter\Database\MySQLi\Connection->execute()
#2 /home/www/html/ttoledo/ads107/aulas/system/Database/BaseConnection.php(606): CodeIgniter\Database\BaseConnection->simpleQuery()
#3 /home/www/html/ttoledo/ads107/aulas/system/Database/BaseBuilder.php(1616): CodeIgniter\Database\BaseConnection->query()
#4 /home/www/html/ttoledo/ads107/aulas/system/Model.php(241): CodeIgniter\Database\BaseBuilder->get()
#5 /home/www/html/ttoledo/ads107/aulas/system/BaseModel.php(618): CodeIgniter\Model->doFindAll()
#6 /home/www/html/ttoledo/ads107/aulas/app/Controllers/Pessoa.php(10): CodeIgniter\BaseModel->findAll()
#7 /home/www/html/ttoledo/ads107/aulas/system/CodeIgniter.php(932): App\Controllers\Pessoa::exibir()
#8 /home/www/html/ttoledo/ads107/aulas/system/CodeIgniter.php(497): CodeIgniter\CodeIgniter->runController()
#9 /home/www/html/ttoledo/ads107/aulas/system/CodeIgniter.php(366): CodeIgniter\CodeIgniter->handleRequest()
#10 /home/www/html/ttoledo/ads107/aulas/public/index.php(67): CodeIgniter\CodeIgniter->run()
#11 {main}
CRITICAL - 2023-09-18 22:15:52 --> Table 'vquintas.Pessoa' doesn't exist
in SYSTEMPATH/Database/MySQLi/Connection.php on line 295.
 1 SYSTEMPATH/Database/MySQLi/Connection.php(295): mysqli->query()
 2 SYSTEMPATH/Database/BaseConnection.php(692): CodeIgniter\Database\MySQLi\Connection->execute()
 3 SYSTEMPATH/Database/BaseConnection.php(606): CodeIgniter\Database\BaseConnection->simpleQuery()
 4 SYSTEMPATH/Database/BaseBuilder.php(1616): CodeIgniter\Database\BaseConnection->query()
 5 SYSTEMPATH/Model.php(241): CodeIgniter\Database\BaseBuilder->get()
 6 SYSTEMPATH/BaseModel.php(618): CodeIgniter\Model->doFindAll()
 7 APPPATH/Controllers/Pessoa.php(10): CodeIgniter\BaseModel->findAll()
 8 SYSTEMPATH/CodeIgniter.php(932): App\Controllers\Pessoa::exibir()
 9 SYSTEMPATH/CodeIgniter.php(497): CodeIgniter\CodeIgniter->runController()
10 SYSTEMPATH/CodeIgniter.php(366): CodeIgniter\CodeIgniter->handleRequest()
11 FCPATH/index.php(67): CodeIgniter\CodeIgniter->run()
CRITICAL - 2023-09-18 22:17:22 --> Class 'App\Models\PessoaModel' not found
in APPPATH/Controllers/Pessoa.php on line 8.
 1 SYSTEMPATH/CodeIgniter.php(932): App\Controllers\Pessoa::exibir()
 2 SYSTEMPATH/CodeIgniter.php(497): CodeIgniter\CodeIgniter->runController()
 3 SYSTEMPATH/CodeIgniter.php(366): CodeIgniter\CodeIgniter->handleRequest()
 4 FCPATH/index.php(67): CodeIgniter\CodeIgniter->run()
ERROR - 2023-09-18 22:18:47 --> mysqli_sql_exception: Table 'vquintas.Pessoa' doesn't exist in /home/www/html/ttoledo/ads107/aulas/system/Database/MySQLi/Connection.php:295
Stack trace:
#0 /home/www/html/ttoledo/ads107/aulas/system/Database/MySQLi/Connection.php(295): mysqli->query()
#1 /home/www/html/ttoledo/ads107/aulas/system/Database/BaseConnection.php(692): CodeIgniter\Database\MySQLi\Connection->execute()
#2 /home/www/html/ttoledo/ads107/aulas/system/Database/BaseConnection.php(606): CodeIgniter\Database\BaseConnection->simpleQuery()
#3 /home/www/html/ttoledo/ads107/aulas/system/Database/BaseBuilder.php(1616): CodeIgniter\Database\BaseConnection->query()
#4 /home/www/html/ttoledo/ads107/aulas/system/Model.php(241): CodeIgniter\Database\BaseBuilder->get()
#5 /home/www/html/ttoledo/ads107/aulas/system/BaseModel.php(618): CodeIgniter\Model->doFindAll()
#6 /home/www/html/ttoledo/ads107/aulas/app/Controllers/Pessoa.php(10): CodeIgniter\BaseModel->findAll()
#7 /home/www/html/ttoledo/ads107/aulas/system/CodeIgniter.php(932): App\Controllers\Pessoa::exibir()
#8 /home/www/html/ttoledo/ads107/aulas/system/CodeIgniter.php(497): CodeIgniter\CodeIgniter->runController()
#9 /home/www/html/ttoledo/ads107/aulas/system/CodeIgniter.php(366): CodeIgniter\CodeIgniter->handleRequest()
#10 /home/www/html/ttoledo/ads107/aulas/public/index.php(67): CodeIgniter\CodeIgniter->run()
#11 {main}
CRITICAL - 2023-09-18 22:18:47 --> Table 'vquintas.Pessoa' doesn't exist
in SYSTEMPATH/Database/MySQLi/Connection.php on line 295.
 1 SYSTEMPATH/Database/MySQLi/Connection.php(295): mysqli->query()
 2 SYSTEMPATH/Database/BaseConnection.php(692): CodeIgniter\Database\MySQLi\Connection->execute()
 3 SYSTEMPATH/Database/BaseConnection.php(606): CodeIgniter\Database\BaseConnection->simpleQuery()
 4 SYSTEMPATH/Database/BaseBuilder.php(1616): CodeIgniter\Database\BaseConnection->query()
 5 SYSTEMPATH/Model.php(241): CodeIgniter\Database\BaseBuilder->get()
 6 SYSTEMPATH/BaseModel.php(618): CodeIgniter\Model->doFindAll()
 7 APPPATH/Controllers/Pessoa.php(10): CodeIgniter\BaseModel->findAll()
 8 SYSTEMPATH/CodeIgniter.php(932): App\Controllers\Pessoa::exibir()
 9 SYSTEMPATH/CodeIgniter.php(497): CodeIgniter\CodeIgniter->runController()
10 SYSTEMPATH/CodeIgniter.php(366): CodeIgniter\CodeIgniter->handleRequest()
11 FCPATH/index.php(67): CodeIgniter\CodeIgniter->run()
ERROR - 2023-09-18 22:18:48 --> mysqli_sql_exception: Table 'vquintas.Pessoa' doesn't exist in /home/www/html/ttoledo/ads107/aulas/system/Database/MySQLi/Connection.php:295
Stack trace:
#0 /home/www/html/ttoledo/ads107/aulas/system/Database/MySQLi/Connection.php(295): mysqli->query()
#1 /home/www/html/ttoledo/ads107/aulas/system/Database/BaseConnection.php(692): CodeIgniter\Database\MySQLi\Connection->execute()
#2 /home/www/html/ttoledo/ads107/aulas/system/Database/BaseConnection.php(606): CodeIgniter\Database\BaseConnection->simpleQuery()
#3 /home/www/html/ttoledo/ads107/aulas/system/Database/BaseBuilder.php(1616): CodeIgniter\Database\BaseConnection->query()
#4 /home/www/html/ttoledo/ads107/aulas/system/Model.php(241): CodeIgniter\Database\BaseBuilder->get()
#5 /home/www/html/ttoledo/ads107/aulas/system/BaseModel.php(618): CodeIgniter\Model->doFindAll()
#6 /home/www/html/ttoledo/ads107/aulas/app/Controllers/Pessoa.php(10): CodeIgniter\BaseModel->findAll()
#7 /home/www/html/ttoledo/ads107/aulas/system/CodeIgniter.php(932): App\Controllers\Pessoa::exibir()
#8 /home/www/html/ttoledo/ads107/aulas/system/CodeIgniter.php(497): CodeIgniter\CodeIgniter->runController()
#9 /home/www/html/ttoledo/ads107/aulas/system/CodeIgniter.php(366): CodeIgniter\CodeIgniter->handleRequest()
#10 /home/www/html/ttoledo/ads107/aulas/public/index.php(67): CodeIgniter\CodeIgniter->run()
#11 {main}
CRITICAL - 2023-09-18 22:18:48 --> Table 'vquintas.Pessoa' doesn't exist
in SYSTEMPATH/Database/MySQLi/Connection.php on line 295.
 1 SYSTEMPATH/Database/MySQLi/Connection.php(295): mysqli->query()
 2 SYSTEMPATH/Database/BaseConnection.php(692): CodeIgniter\Database\MySQLi\Connection->execute()
 3 SYSTEMPATH/Database/BaseConnection.php(606): CodeIgniter\Database\BaseConnection->simpleQuery()
 4 SYSTEMPATH/Database/BaseBuilder.php(1616): CodeIgniter\Database\BaseConnection->query()
 5 SYSTEMPATH/Model.php(241): CodeIgniter\Database\BaseBuilder->get()
 6 SYSTEMPATH/BaseModel.php(618): CodeIgniter\Model->doFindAll()
 7 APPPATH/Controllers/Pessoa.php(10): CodeIgniter\BaseModel->findAll()
 8 SYSTEMPATH/CodeIgniter.php(932): App\Controllers\Pessoa::exibir()
 9 SYSTEMPATH/CodeIgniter.php(497): CodeIgniter\CodeIgniter->runController()
10 SYSTEMPATH/CodeIgniter.php(366): CodeIgniter\CodeIgniter->handleRequest()
11 FCPATH/index.php(67): CodeIgniter\CodeIgniter->run()
ERROR - 2023-09-18 22:20:53 --> mysqli_sql_exception: Table 'ttoledo.Pessoa' doesn't exist in /home/www/html/ttoledo/ads107/aulas/system/Database/MySQLi/Connection.php:295
Stack trace:
#0 /home/www/html/ttoledo/ads107/aulas/system/Database/MySQLi/Connection.php(295): mysqli->query()
#1 /home/www/html/ttoledo/ads107/aulas/system/Database/BaseConnection.php(692): CodeIgniter\Database\MySQLi\Connection->execute()
#2 /home/www/html/ttoledo/ads107/aulas/system/Database/BaseConnection.php(606): CodeIgniter\Database\BaseConnection->simpleQuery()
#3 /home/www/html/ttoledo/ads107/aulas/system/Database/BaseBuilder.php(1616): CodeIgniter\Database\BaseConnection->query()
#4 /home/www/html/ttoledo/ads107/aulas/system/Model.php(241): CodeIgniter\Database\BaseBuilder->get()
#5 /home/www/html/ttoledo/ads107/aulas/system/BaseModel.php(618): CodeIgniter\Model->doFindAll()
#6 /home/www/html/ttoledo/ads107/aulas/app/Controllers/Pessoa.php(10): CodeIgniter\BaseModel->findAll()
#7 /home/www/html/ttoledo/ads107/aulas/system/CodeIgniter.php(932): App\Controllers\Pessoa::exibir()
#8 /home/www/html/ttoledo/ads107/aulas/system/CodeIgniter.php(497): CodeIgniter\CodeIgniter->runController()
#9 /home/www/html/ttoledo/ads107/aulas/system/CodeIgniter.php(366): CodeIgniter\CodeIgniter->handleRequest()
#10 /home/www/html/ttoledo/ads107/aulas/public/index.php(67): CodeIgniter\CodeIgniter->run()
#11 {main}
CRITICAL - 2023-09-18 22:20:53 --> Table 'ttoledo.Pessoa' doesn't exist
in SYSTEMPATH/Database/MySQLi/Connection.php on line 295.
 1 SYSTEMPATH/Database/MySQLi/Connection.php(295): mysqli->query()
 2 SYSTEMPATH/Database/BaseConnection.php(692): CodeIgniter\Database\MySQLi\Connection->execute()
 3 SYSTEMPATH/Database/BaseConnection.php(606): CodeIgniter\Database\BaseConnection->simpleQuery()
 4 SYSTEMPATH/Database/BaseBuilder.php(1616): CodeIgniter\Database\BaseConnection->query()
 5 SYSTEMPATH/Model.php(241): CodeIgniter\Database\BaseBuilder->get()
 6 SYSTEMPATH/BaseModel.php(618): CodeIgniter\Model->doFindAll()
 7 APPPATH/Controllers/Pessoa.php(10): CodeIgniter\BaseModel->findAll()
 8 SYSTEMPATH/CodeIgniter.php(932): App\Controllers\Pessoa::exibir()
 9 SYSTEMPATH/CodeIgniter.php(497): CodeIgniter\CodeIgniter->runController()
10 SYSTEMPATH/CodeIgniter.php(366): CodeIgniter\CodeIgniter->handleRequest()
11 FCPATH/index.php(67): CodeIgniter\CodeIgniter->run()
CRITICAL - 2023-09-18 22:22:50 --> Undefined property: stdClass::$Id
in APPPATH/Views/pessoa_exibir.php on line 17.
 1 APPPATH/Views/pessoa_exibir.php(17): CodeIgniter\Debug\Exceptions->errorHandler()
 2 SYSTEMPATH/View/View.php(224): include('/home/www/html/ttoledo/ads107/aulas/app/Views/pessoa_exibir.php')
 3 SYSTEMPATH/View/View.php(227): CodeIgniter\View\View->CodeIgniter\View\{closure}()
 4 SYSTEMPATH/Common.php(1176): CodeIgniter\View\View->render()
 5 APPPATH/Controllers/Pessoa.php(13): view()
 6 SYSTEMPATH/CodeIgniter.php(932): App\Controllers\Pessoa::exibir()
 7 SYSTEMPATH/CodeIgniter.php(497): CodeIgniter\CodeIgniter->runController()
 8 SYSTEMPATH/CodeIgniter.php(366): CodeIgniter\CodeIgniter->handleRequest()
 9 FCPATH/index.php(67): CodeIgniter\CodeIgniter->run()
CRITICAL - 2023-09-18 22:23:18 --> Undefined property: stdClass::$Id
in APPPATH/Views/pessoa_exibir.php on line 17.
 1 APPPATH/Views/pessoa_exibir.php(17): CodeIgniter\Debug\Exceptions->errorHandler()
 2 SYSTEMPATH/View/View.php(224): include('/home/www/html/ttoledo/ads107/aulas/app/Views/pessoa_exibir.php')
 3 SYSTEMPATH/View/View.php(227): CodeIgniter\View\View->CodeIgniter\View\{closure}()
 4 SYSTEMPATH/Common.php(1176): CodeIgniter\View\View->render()
 5 APPPATH/Controllers/Pessoa.php(13): view()
 6 SYSTEMPATH/CodeIgniter.php(932): App\Controllers\Pessoa::exibir()
 7 SYSTEMPATH/CodeIgniter.php(497): CodeIgniter\CodeIgniter->runController()
 8 SYSTEMPATH/CodeIgniter.php(366): CodeIgniter\CodeIgniter->handleRequest()
 9 FCPATH/index.php(67): CodeIgniter\CodeIgniter->run()
CRITICAL - 2023-09-18 22:23:19 --> Undefined property: stdClass::$Id
in APPPATH/Views/pessoa_exibir.php on line 17.
 1 APPPATH/Views/pessoa_exibir.php(17): CodeIgniter\Debug\Exceptions->errorHandler()
 2 SYSTEMPATH/View/View.php(224): include('/home/www/html/ttoledo/ads107/aulas/app/Views/pessoa_exibir.php')
 3 SYSTEMPATH/View/View.php(227): CodeIgniter\View\View->CodeIgniter\View\{closure}()
 4 SYSTEMPATH/Common.php(1176): CodeIgniter\View\View->render()
 5 APPPATH/Controllers/Pessoa.php(13): view()
 6 SYSTEMPATH/CodeIgniter.php(932): App\Controllers\Pessoa::exibir()
 7 SYSTEMPATH/CodeIgniter.php(497): CodeIgniter\CodeIgniter->runController()
 8 SYSTEMPATH/CodeIgniter.php(366): CodeIgniter\CodeIgniter->handleRequest()
 9 FCPATH/index.php(67): CodeIgniter\CodeIgniter->run()
CRITICAL - 2023-09-18 22:46:25 --> Undefined variable: data
in APPPATH/Views/pessoa_exibir.php on line 7.
 1 APPPATH/Views/pessoa_exibir.php(7): CodeIgniter\Debug\Exceptions->errorHandler()
 2 SYSTEMPATH/View/View.php(224): include('/home/www/html/ttoledo/ads107/aulas/app/Views/pessoa_exibir.php')
 3 SYSTEMPATH/View/View.php(227): CodeIgniter\View\View->CodeIgniter\View\{closure}()
 4 SYSTEMPATH/Common.php(1176): CodeIgniter\View\View->render()
 5 APPPATH/Controllers/Pessoa.php(13): view()
 6 SYSTEMPATH/CodeIgniter.php(932): App\Controllers\Pessoa::exibir()
 7 SYSTEMPATH/CodeIgniter.php(497): CodeIgniter\CodeIgniter->runController()
 8 SYSTEMPATH/CodeIgniter.php(366): CodeIgniter\CodeIgniter->handleRequest()
 9 FCPATH/index.php(67): CodeIgniter\CodeIgniter->run()
