CRITICAL - 2023-11-13 22:13:16 --> The action you requested is not allowed.
in SYSTEMPATH\Security\Security.php on line 306.
 1 SYSTEMPATH\Security\Security.php(306): CodeIgniter\Security\Exceptions\SecurityException::forDisallowedAction()
 2 SYSTEMPATH\Filters\CSRF.php(55): CodeIgniter\Security\Security->verify(Object(CodeIgniter\HTTP\IncomingRequest))
 3 SYSTEMPATH\Filters\Filters.php(173): CodeIgniter\Filters\CSRF->before(Object(CodeIgniter\HTTP\IncomingRequest), null)
 4 SYSTEMPATH\CodeIgniter.php(471): CodeIgniter\Filters\Filters->run('register-controller', 'before')
 5 SYSTEMPATH\CodeIgniter.php(366): CodeIgniter\CodeIgniter->handleRequest(null, Object(Config\Cache), false)
 6 FCPATH\index.php(67): CodeIgniter\CodeIgniter->run()
ERROR - 2023-11-13 22:21:56 --> mysqli_sql_exception: Unknown column 'Gestor' in 'field list' in C:\xampp\htdocs\ads107\system\Database\MySQLi\Connection.php:295
Stack trace:
#0 C:\xampp\htdocs\ads107\system\Database\MySQLi\Connection.php(295): mysqli->query('INSERT INTO `am...', 0)
#1 C:\xampp\htdocs\ads107\system\Database\BaseConnection.php(692): CodeIgniter\Database\MySQLi\Connection->execute('INSERT INTO `am...')
#2 C:\xampp\htdocs\ads107\system\Database\BaseConnection.php(606): CodeIgniter\Database\BaseConnection->simpleQuery('INSERT INTO `am...')
#3 C:\xampp\htdocs\ads107\system\Database\BaseBuilder.php(2309): CodeIgniter\Database\BaseConnection->query('INSERT INTO `am...', Array, false)
#4 C:\xampp\htdocs\ads107\app\Models\ProblemaModel.php(15): CodeIgniter\Database\BaseBuilder->insert(Array)
#5 C:\xampp\htdocs\ads107\app\Controllers\RegisterController.php(14): App\Models\ProblemaModel->insertProblema(Array)
#6 C:\xampp\htdocs\ads107\system\CodeIgniter.php(932): App\Controllers\RegisterController->register()
#7 C:\xampp\htdocs\ads107\system\CodeIgniter.php(497): CodeIgniter\CodeIgniter->runController(Object(App\Controllers\RegisterController))
#8 C:\xampp\htdocs\ads107\system\CodeIgniter.php(366): CodeIgniter\CodeIgniter->handleRequest(NULL, Object(Config\Cache), false)
#9 C:\xampp\htdocs\ads107\public\index.php(67): CodeIgniter\CodeIgniter->run()
#10 {main}
CRITICAL - 2023-11-13 22:21:56 --> Unknown column 'Gestor' in 'field list'
in SYSTEMPATH\Database\MySQLi\Connection.php on line 295.
 1 SYSTEMPATH\Database\MySQLi\Connection.php(295): mysqli->query('INSERT INTO `ambiente` (`nome`, `Localizacao`, `Descricao`, `Gestor`) VALUES (\'\', \'\', \'\', \'\')', 0)
 2 SYSTEMPATH\Database\BaseConnection.php(692): CodeIgniter\Database\MySQLi\Connection->execute('INSERT INTO `ambiente` (`nome`, `Localizacao`, `Descricao`, `Gestor`) VALUES (\'\', \'\', \'\', \'\')')
 3 SYSTEMPATH\Database\BaseConnection.php(606): CodeIgniter\Database\BaseConnection->simpleQuery('INSERT INTO `ambiente` (`nome`, `Localizacao`, `Descricao`, `Gestor`) VALUES (\'\', \'\', \'\', \'\')')
 4 SYSTEMPATH\Database\BaseBuilder.php(2309): CodeIgniter\Database\BaseConnection->query('INSERT INTO `ambiente` (`nome`, `Localizacao`, `Descricao`, `Gestor`) VALUES (:nome:, :Localizacao:, :Descricao:, :Gestor:)', [...], false)
 5 APPPATH\Models\ProblemaModel.php(15): CodeIgniter\Database\BaseBuilder->insert([...])
 6 APPPATH\Controllers\RegisterController.php(14): App\Models\ProblemaModel->insertProblema([...])
 7 SYSTEMPATH\CodeIgniter.php(932): App\Controllers\RegisterController->register()
 8 SYSTEMPATH\CodeIgniter.php(497): CodeIgniter\CodeIgniter->runController(Object(App\Controllers\RegisterController))
 9 SYSTEMPATH\CodeIgniter.php(366): CodeIgniter\CodeIgniter->handleRequest(null, Object(Config\Cache), false)
10 FCPATH\index.php(67): CodeIgniter\CodeIgniter->run()
ERROR - 2023-11-13 22:22:04 --> mysqli_sql_exception: Unknown column 'Gestor' in 'field list' in C:\xampp\htdocs\ads107\system\Database\MySQLi\Connection.php:295
Stack trace:
#0 C:\xampp\htdocs\ads107\system\Database\MySQLi\Connection.php(295): mysqli->query('INSERT INTO `am...', 0)
#1 C:\xampp\htdocs\ads107\system\Database\BaseConnection.php(692): CodeIgniter\Database\MySQLi\Connection->execute('INSERT INTO `am...')
#2 C:\xampp\htdocs\ads107\system\Database\BaseConnection.php(606): CodeIgniter\Database\BaseConnection->simpleQuery('INSERT INTO `am...')
#3 C:\xampp\htdocs\ads107\system\Database\BaseBuilder.php(2309): CodeIgniter\Database\BaseConnection->query('INSERT INTO `am...', Array, false)
#4 C:\xampp\htdocs\ads107\app\Models\ProblemaModel.php(15): CodeIgniter\Database\BaseBuilder->insert(Array)
#5 C:\xampp\htdocs\ads107\app\Controllers\RegisterController.php(14): App\Models\ProblemaModel->insertProblema(Array)
#6 C:\xampp\htdocs\ads107\system\CodeIgniter.php(932): App\Controllers\RegisterController->register()
#7 C:\xampp\htdocs\ads107\system\CodeIgniter.php(497): CodeIgniter\CodeIgniter->runController(Object(App\Controllers\RegisterController))
#8 C:\xampp\htdocs\ads107\system\CodeIgniter.php(366): CodeIgniter\CodeIgniter->handleRequest(NULL, Object(Config\Cache), false)
#9 C:\xampp\htdocs\ads107\public\index.php(67): CodeIgniter\CodeIgniter->run()
#10 {main}
CRITICAL - 2023-11-13 22:22:04 --> Unknown column 'Gestor' in 'field list'
in SYSTEMPATH\Database\MySQLi\Connection.php on line 295.
 1 SYSTEMPATH\Database\MySQLi\Connection.php(295): mysqli->query('INSERT INTO `ambiente` (`nome`, `Localizacao`, `Descricao`, `Gestor`) VALUES (\'teste\', \'teste\', \'\', \'\')', 0)
 2 SYSTEMPATH\Database\BaseConnection.php(692): CodeIgniter\Database\MySQLi\Connection->execute('INSERT INTO `ambiente` (`nome`, `Localizacao`, `Descricao`, `Gestor`) VALUES (\'teste\', \'teste\', \'\', \'\')')
 3 SYSTEMPATH\Database\BaseConnection.php(606): CodeIgniter\Database\BaseConnection->simpleQuery('INSERT INTO `ambiente` (`nome`, `Localizacao`, `Descricao`, `Gestor`) VALUES (\'teste\', \'teste\', \'\', \'\')')
 4 SYSTEMPATH\Database\BaseBuilder.php(2309): CodeIgniter\Database\BaseConnection->query('INSERT INTO `ambiente` (`nome`, `Localizacao`, `Descricao`, `Gestor`) VALUES (:nome:, :Localizacao:, :Descricao:, :Gestor:)', [...], false)
 5 APPPATH\Models\ProblemaModel.php(15): CodeIgniter\Database\BaseBuilder->insert([...])
 6 APPPATH\Controllers\RegisterController.php(14): App\Models\ProblemaModel->insertProblema([...])
 7 SYSTEMPATH\CodeIgniter.php(932): App\Controllers\RegisterController->register()
 8 SYSTEMPATH\CodeIgniter.php(497): CodeIgniter\CodeIgniter->runController(Object(App\Controllers\RegisterController))
 9 SYSTEMPATH\CodeIgniter.php(366): CodeIgniter\CodeIgniter->handleRequest(null, Object(Config\Cache), false)
10 FCPATH\index.php(67): CodeIgniter\CodeIgniter->run()
ERROR - 2023-11-13 22:23:07 --> mysqli_sql_exception: Unknown column 'Gestor' in 'field list' in C:\xampp\htdocs\ads107\system\Database\MySQLi\Connection.php:295
Stack trace:
#0 C:\xampp\htdocs\ads107\system\Database\MySQLi\Connection.php(295): mysqli->query('INSERT INTO `am...', 0)
#1 C:\xampp\htdocs\ads107\system\Database\BaseConnection.php(692): CodeIgniter\Database\MySQLi\Connection->execute('INSERT INTO `am...')
#2 C:\xampp\htdocs\ads107\system\Database\BaseConnection.php(606): CodeIgniter\Database\BaseConnection->simpleQuery('INSERT INTO `am...')
#3 C:\xampp\htdocs\ads107\system\Database\BaseBuilder.php(2309): CodeIgniter\Database\BaseConnection->query('INSERT INTO `am...', Array, false)
#4 C:\xampp\htdocs\ads107\app\Models\ProblemaModel.php(15): CodeIgniter\Database\BaseBuilder->insert(Array)
#5 C:\xampp\htdocs\ads107\app\Controllers\RegisterController.php(14): App\Models\ProblemaModel->insertProblema(Array)
#6 C:\xampp\htdocs\ads107\system\CodeIgniter.php(932): App\Controllers\RegisterController->register()
#7 C:\xampp\htdocs\ads107\system\CodeIgniter.php(497): CodeIgniter\CodeIgniter->runController(Object(App\Controllers\RegisterController))
#8 C:\xampp\htdocs\ads107\system\CodeIgniter.php(366): CodeIgniter\CodeIgniter->handleRequest(NULL, Object(Config\Cache), false)
#9 C:\xampp\htdocs\ads107\public\index.php(67): CodeIgniter\CodeIgniter->run()
#10 {main}
CRITICAL - 2023-11-13 22:23:07 --> Unknown column 'Gestor' in 'field list'
in SYSTEMPATH\Database\MySQLi\Connection.php on line 295.
 1 SYSTEMPATH\Database\MySQLi\Connection.php(295): mysqli->query('INSERT INTO `ambiente` (`nome`, `Localizacao`, `Descricao`, `Gestor`) VALUES (\'teste\', \'teste\', \'\', \'\')', 0)
 2 SYSTEMPATH\Database\BaseConnection.php(692): CodeIgniter\Database\MySQLi\Connection->execute('INSERT INTO `ambiente` (`nome`, `Localizacao`, `Descricao`, `Gestor`) VALUES (\'teste\', \'teste\', \'\', \'\')')
 3 SYSTEMPATH\Database\BaseConnection.php(606): CodeIgniter\Database\BaseConnection->simpleQuery('INSERT INTO `ambiente` (`nome`, `Localizacao`, `Descricao`, `Gestor`) VALUES (\'teste\', \'teste\', \'\', \'\')')
 4 SYSTEMPATH\Database\BaseBuilder.php(2309): CodeIgniter\Database\BaseConnection->query('INSERT INTO `ambiente` (`nome`, `Localizacao`, `Descricao`, `Gestor`) VALUES (:nome:, :Localizacao:, :Descricao:, :Gestor:)', [...], false)
 5 APPPATH\Models\ProblemaModel.php(15): CodeIgniter\Database\BaseBuilder->insert([...])
 6 APPPATH\Controllers\RegisterController.php(14): App\Models\ProblemaModel->insertProblema([...])
 7 SYSTEMPATH\CodeIgniter.php(932): App\Controllers\RegisterController->register()
 8 SYSTEMPATH\CodeIgniter.php(497): CodeIgniter\CodeIgniter->runController(Object(App\Controllers\RegisterController))
 9 SYSTEMPATH\CodeIgniter.php(366): CodeIgniter\CodeIgniter->handleRequest(null, Object(Config\Cache), false)
10 FCPATH\index.php(67): CodeIgniter\CodeIgniter->run()
INFO - 2023-11-13 22:26:52 --> Session: Class initialized using 'CodeIgniter\Session\Handlers\FileHandler' driver.
INFO - 2023-11-13 22:26:52 --> Session: Class initialized using 'CodeIgniter\Session\Handlers\FileHandler' driver.
INFO - 2023-11-13 22:26:55 --> Session: Class initialized using 'CodeIgniter\Session\Handlers\FileHandler' driver.
CRITICAL - 2023-11-13 22:27:58 --> Undefined property: stdClass::$naturalidade
in APPPATH\Views\problema_exibir.php on line 162.
 1 APPPATH\Views\problema_exibir.php(162): CodeIgniter\Debug\Exceptions->errorHandler(2, 'Undefined property: stdClass::$naturalidade', 'C:\\xampp\\htdocs\\ads107\\app\\Views\\problema_exibir.php', 162)
 2 SYSTEMPATH\View\View.php(224): include('C:\\xampp\\htdocs\\ads107\\app\\Views\\problema_exibir.php')
 3 SYSTEMPATH\View\View.php(227): CodeIgniter\View\View->CodeIgniter\View\{closure}()
 4 SYSTEMPATH\Common.php(1176): CodeIgniter\View\View->render('problema_exibir', [], true)
 5 APPPATH\Controllers\Problema.php(15): view('problema_exibir', [...])
 6 SYSTEMPATH\CodeIgniter.php(932): App\Controllers\Problema::exibir()
 7 SYSTEMPATH\CodeIgniter.php(497): CodeIgniter\CodeIgniter->runController(Object(App\Controllers\Problema))
 8 SYSTEMPATH\CodeIgniter.php(366): CodeIgniter\CodeIgniter->handleRequest(null, Object(Config\Cache), false)
 9 FCPATH\index.php(67): CodeIgniter\CodeIgniter->run()
CRITICAL - 2023-11-13 22:28:46 --> Undefined variable $class
in APPPATH\Views\problema_exibir.php on line 148.
 1 APPPATH\Views\problema_exibir.php(148): CodeIgniter\Debug\Exceptions->errorHandler(2, 'Undefined variable $class', 'C:\\xampp\\htdocs\\ads107\\app\\Views\\problema_exibir.php', 148)
 2 SYSTEMPATH\View\View.php(224): include('C:\\xampp\\htdocs\\ads107\\app\\Views\\problema_exibir.php')
 3 SYSTEMPATH\View\View.php(227): CodeIgniter\View\View->CodeIgniter\View\{closure}()
 4 SYSTEMPATH\Common.php(1176): CodeIgniter\View\View->render('problema_exibir', [], true)
 5 APPPATH\Controllers\Problema.php(15): view('problema_exibir', [...])
 6 SYSTEMPATH\CodeIgniter.php(932): App\Controllers\Problema::exibir()
 7 SYSTEMPATH\CodeIgniter.php(497): CodeIgniter\CodeIgniter->runController(Object(App\Controllers\Problema))
 8 SYSTEMPATH\CodeIgniter.php(366): CodeIgniter\CodeIgniter->handleRequest(null, Object(Config\Cache), false)
 9 FCPATH\index.php(67): CodeIgniter\CodeIgniter->run()
CRITICAL - 2023-11-13 22:28:47 --> Undefined variable $class
in APPPATH\Views\problema_exibir.php on line 148.
 1 APPPATH\Views\problema_exibir.php(148): CodeIgniter\Debug\Exceptions->errorHandler(2, 'Undefined variable $class', 'C:\\xampp\\htdocs\\ads107\\app\\Views\\problema_exibir.php', 148)
 2 SYSTEMPATH\View\View.php(224): include('C:\\xampp\\htdocs\\ads107\\app\\Views\\problema_exibir.php')
 3 SYSTEMPATH\View\View.php(227): CodeIgniter\View\View->CodeIgniter\View\{closure}()
 4 SYSTEMPATH\Common.php(1176): CodeIgniter\View\View->render('problema_exibir', [], true)
 5 APPPATH\Controllers\Problema.php(15): view('problema_exibir', [...])
 6 SYSTEMPATH\CodeIgniter.php(932): App\Controllers\Problema::exibir()
 7 SYSTEMPATH\CodeIgniter.php(497): CodeIgniter\CodeIgniter->runController(Object(App\Controllers\Problema))
 8 SYSTEMPATH\CodeIgniter.php(366): CodeIgniter\CodeIgniter->handleRequest(null, Object(Config\Cache), false)
 9 FCPATH\index.php(67): CodeIgniter\CodeIgniter->run()
CRITICAL - 2023-11-13 22:28:57 --> Undefined variable $style
in APPPATH\Views\problema_exibir.php on line 148.
 1 APPPATH\Views\problema_exibir.php(148): CodeIgniter\Debug\Exceptions->errorHandler(2, 'Undefined variable $style', 'C:\\xampp\\htdocs\\ads107\\app\\Views\\problema_exibir.php', 148)
 2 SYSTEMPATH\View\View.php(224): include('C:\\xampp\\htdocs\\ads107\\app\\Views\\problema_exibir.php')
 3 SYSTEMPATH\View\View.php(227): CodeIgniter\View\View->CodeIgniter\View\{closure}()
 4 SYSTEMPATH\Common.php(1176): CodeIgniter\View\View->render('problema_exibir', [], true)
 5 APPPATH\Controllers\Problema.php(15): view('problema_exibir', [...])
 6 SYSTEMPATH\CodeIgniter.php(932): App\Controllers\Problema::exibir()
 7 SYSTEMPATH\CodeIgniter.php(497): CodeIgniter\CodeIgniter->runController(Object(App\Controllers\Problema))
 8 SYSTEMPATH\CodeIgniter.php(366): CodeIgniter\CodeIgniter->handleRequest(null, Object(Config\Cache), false)
 9 FCPATH\index.php(67): CodeIgniter\CodeIgniter->run()
CRITICAL - 2023-11-13 22:28:58 --> Undefined variable $style
in APPPATH\Views\problema_exibir.php on line 148.
 1 APPPATH\Views\problema_exibir.php(148): CodeIgniter\Debug\Exceptions->errorHandler(2, 'Undefined variable $style', 'C:\\xampp\\htdocs\\ads107\\app\\Views\\problema_exibir.php', 148)
 2 SYSTEMPATH\View\View.php(224): include('C:\\xampp\\htdocs\\ads107\\app\\Views\\problema_exibir.php')
 3 SYSTEMPATH\View\View.php(227): CodeIgniter\View\View->CodeIgniter\View\{closure}()
 4 SYSTEMPATH\Common.php(1176): CodeIgniter\View\View->render('problema_exibir', [], true)
 5 APPPATH\Controllers\Problema.php(15): view('problema_exibir', [...])
 6 SYSTEMPATH\CodeIgniter.php(932): App\Controllers\Problema::exibir()
 7 SYSTEMPATH\CodeIgniter.php(497): CodeIgniter\CodeIgniter->runController(Object(App\Controllers\Problema))
 8 SYSTEMPATH\CodeIgniter.php(366): CodeIgniter\CodeIgniter->handleRequest(null, Object(Config\Cache), false)
 9 FCPATH\index.php(67): CodeIgniter\CodeIgniter->run()
INFO - 2023-11-13 22:29:35 --> Session: Class initialized using 'CodeIgniter\Session\Handlers\FileHandler' driver.
CRITICAL - 2023-11-13 22:38:14 --> Undefined variable $gestorModel
in APPPATH\Views\problema_exibir.php on line 165.
 1 APPPATH\Views\problema_exibir.php(165): CodeIgniter\Debug\Exceptions->errorHandler(2, 'Undefined variable $gestorModel', 'C:\\xampp\\htdocs\\ads107\\app\\Views\\problema_exibir.php', 165)
 2 SYSTEMPATH\View\View.php(224): include('C:\\xampp\\htdocs\\ads107\\app\\Views\\problema_exibir.php')
 3 SYSTEMPATH\View\View.php(227): CodeIgniter\View\View->CodeIgniter\View\{closure}()
 4 SYSTEMPATH\Common.php(1176): CodeIgniter\View\View->render('problema_exibir', [], true)
 5 APPPATH\Controllers\Problema.php(19): view('problema_exibir', [...])
 6 SYSTEMPATH\CodeIgniter.php(932): App\Controllers\Problema::exibir()
 7 SYSTEMPATH\CodeIgniter.php(497): CodeIgniter\CodeIgniter->runController(Object(App\Controllers\Problema))
 8 SYSTEMPATH\CodeIgniter.php(366): CodeIgniter\CodeIgniter->handleRequest(null, Object(Config\Cache), false)
 9 FCPATH\index.php(67): CodeIgniter\CodeIgniter->run()
CRITICAL - 2023-11-13 22:38:35 --> Call to undefined method stdClass::find()
in APPPATH\Views\problema_exibir.php on line 165.
 1 SYSTEMPATH\View\View.php(224): include()
 2 SYSTEMPATH\View\View.php(227): CodeIgniter\View\View->CodeIgniter\View\{closure}()
 3 SYSTEMPATH\Common.php(1176): CodeIgniter\View\View->render('problema_exibir', [], true)
 4 APPPATH\Controllers\Problema.php(19): view('problema_exibir', [...])
 5 SYSTEMPATH\CodeIgniter.php(932): App\Controllers\Problema::exibir()
 6 SYSTEMPATH\CodeIgniter.php(497): CodeIgniter\CodeIgniter->runController(Object(App\Controllers\Problema))
 7 SYSTEMPATH\CodeIgniter.php(366): CodeIgniter\CodeIgniter->handleRequest(null, Object(Config\Cache), false)
 8 FCPATH\index.php(67): CodeIgniter\CodeIgniter->run()
CRITICAL - 2023-11-13 22:39:15 --> Call to undefined method stdClass::findGestorById()
in APPPATH\Views\problema_exibir.php on line 165.
 1 SYSTEMPATH\View\View.php(224): include()
 2 SYSTEMPATH\View\View.php(227): CodeIgniter\View\View->CodeIgniter\View\{closure}()
 3 SYSTEMPATH\Common.php(1176): CodeIgniter\View\View->render('problema_exibir', [], true)
 4 APPPATH\Controllers\Problema.php(19): view('problema_exibir', [...])
 5 SYSTEMPATH\CodeIgniter.php(932): App\Controllers\Problema::exibir()
 6 SYSTEMPATH\CodeIgniter.php(497): CodeIgniter\CodeIgniter->runController(Object(App\Controllers\Problema))
 7 SYSTEMPATH\CodeIgniter.php(366): CodeIgniter\CodeIgniter->handleRequest(null, Object(Config\Cache), false)
 8 FCPATH\index.php(67): CodeIgniter\CodeIgniter->run()
CRITICAL - 2023-11-13 22:39:16 --> Call to undefined method stdClass::findGestorById()
in APPPATH\Views\problema_exibir.php on line 165.
 1 SYSTEMPATH\View\View.php(224): include()
 2 SYSTEMPATH\View\View.php(227): CodeIgniter\View\View->CodeIgniter\View\{closure}()
 3 SYSTEMPATH\Common.php(1176): CodeIgniter\View\View->render('problema_exibir', [], true)
 4 APPPATH\Controllers\Problema.php(19): view('problema_exibir', [...])
 5 SYSTEMPATH\CodeIgniter.php(932): App\Controllers\Problema::exibir()
 6 SYSTEMPATH\CodeIgniter.php(497): CodeIgniter\CodeIgniter->runController(Object(App\Controllers\Problema))
 7 SYSTEMPATH\CodeIgniter.php(366): CodeIgniter\CodeIgniter->handleRequest(null, Object(Config\Cache), false)
 8 FCPATH\index.php(67): CodeIgniter\CodeIgniter->run()
CRITICAL - 2023-11-13 22:40:07 --> Call to undefined method stdClass::findGestorById()
in APPPATH\Views\problema_exibir.php on line 165.
 1 SYSTEMPATH\View\View.php(224): include()
 2 SYSTEMPATH\View\View.php(227): CodeIgniter\View\View->CodeIgniter\View\{closure}()
 3 SYSTEMPATH\Common.php(1176): CodeIgniter\View\View->render('problema_exibir', [], true)
 4 APPPATH\Controllers\Problema.php(19): view('problema_exibir', [...])
 5 SYSTEMPATH\CodeIgniter.php(932): App\Controllers\Problema::exibir()
 6 SYSTEMPATH\CodeIgniter.php(497): CodeIgniter\CodeIgniter->runController(Object(App\Controllers\Problema))
 7 SYSTEMPATH\CodeIgniter.php(366): CodeIgniter\CodeIgniter->handleRequest(null, Object(Config\Cache), false)
 8 FCPATH\index.php(67): CodeIgniter\CodeIgniter->run()
CRITICAL - 2023-11-13 22:40:38 --> Call to undefined method stdClass::findGestorById()
in APPPATH\Views\problema_exibir.php on line 166.
 1 SYSTEMPATH\View\View.php(224): include()
 2 SYSTEMPATH\View\View.php(227): CodeIgniter\View\View->CodeIgniter\View\{closure}()
 3 SYSTEMPATH\Common.php(1176): CodeIgniter\View\View->render('problema_exibir', [], true)
 4 APPPATH\Controllers\Problema.php(19): view('problema_exibir', [...])
 5 SYSTEMPATH\CodeIgniter.php(932): App\Controllers\Problema::exibir()
 6 SYSTEMPATH\CodeIgniter.php(497): CodeIgniter\CodeIgniter->runController(Object(App\Controllers\Problema))
 7 SYSTEMPATH\CodeIgniter.php(366): CodeIgniter\CodeIgniter->handleRequest(null, Object(Config\Cache), false)
 8 FCPATH\index.php(67): CodeIgniter\CodeIgniter->run()
CRITICAL - 2023-11-13 22:40:38 --> Call to undefined method stdClass::findGestorById()
in APPPATH\Views\problema_exibir.php on line 166.
 1 SYSTEMPATH\View\View.php(224): include()
 2 SYSTEMPATH\View\View.php(227): CodeIgniter\View\View->CodeIgniter\View\{closure}()
 3 SYSTEMPATH\Common.php(1176): CodeIgniter\View\View->render('problema_exibir', [], true)
 4 APPPATH\Controllers\Problema.php(19): view('problema_exibir', [...])
 5 SYSTEMPATH\CodeIgniter.php(932): App\Controllers\Problema::exibir()
 6 SYSTEMPATH\CodeIgniter.php(497): CodeIgniter\CodeIgniter->runController(Object(App\Controllers\Problema))
 7 SYSTEMPATH\CodeIgniter.php(366): CodeIgniter\CodeIgniter->handleRequest(null, Object(Config\Cache), false)
 8 FCPATH\index.php(67): CodeIgniter\CodeIgniter->run()
CRITICAL - 2023-11-13 22:40:39 --> Call to undefined method stdClass::findGestorById()
in APPPATH\Views\problema_exibir.php on line 166.
 1 SYSTEMPATH\View\View.php(224): include()
 2 SYSTEMPATH\View\View.php(227): CodeIgniter\View\View->CodeIgniter\View\{closure}()
 3 SYSTEMPATH\Common.php(1176): CodeIgniter\View\View->render('problema_exibir', [], true)
 4 APPPATH\Controllers\Problema.php(19): view('problema_exibir', [...])
 5 SYSTEMPATH\CodeIgniter.php(932): App\Controllers\Problema::exibir()
 6 SYSTEMPATH\CodeIgniter.php(497): CodeIgniter\CodeIgniter->runController(Object(App\Controllers\Problema))
 7 SYSTEMPATH\CodeIgniter.php(366): CodeIgniter\CodeIgniter->handleRequest(null, Object(Config\Cache), false)
 8 FCPATH\index.php(67): CodeIgniter\CodeIgniter->run()
CRITICAL - 2023-11-13 22:41:52 --> Undefined variable $gestorModel
in APPPATH\Views\problema_exibir.php on line 165.
 1 APPPATH\Views\problema_exibir.php(165): CodeIgniter\Debug\Exceptions->errorHandler(2, 'Undefined variable $gestorModel', 'C:\\xampp\\htdocs\\ads107\\app\\Views\\problema_exibir.php', 165)
 2 SYSTEMPATH\View\View.php(224): include('C:\\xampp\\htdocs\\ads107\\app\\Views\\problema_exibir.php')
 3 SYSTEMPATH\View\View.php(227): CodeIgniter\View\View->CodeIgniter\View\{closure}()
 4 SYSTEMPATH\Common.php(1176): CodeIgniter\View\View->render('problema_exibir', [], true)
 5 APPPATH\Controllers\Problema.php(19): view('problema_exibir', [...])
 6 SYSTEMPATH\CodeIgniter.php(932): App\Controllers\Problema::exibir()
 7 SYSTEMPATH\CodeIgniter.php(497): CodeIgniter\CodeIgniter->runController(Object(App\Controllers\Problema))
 8 SYSTEMPATH\CodeIgniter.php(366): CodeIgniter\CodeIgniter->handleRequest(null, Object(Config\Cache), false)
 9 FCPATH\index.php(67): CodeIgniter\CodeIgniter->run()
CRITICAL - 2023-11-13 22:41:53 --> Undefined variable $gestorModel
in APPPATH\Views\problema_exibir.php on line 165.
 1 APPPATH\Views\problema_exibir.php(165): CodeIgniter\Debug\Exceptions->errorHandler(2, 'Undefined variable $gestorModel', 'C:\\xampp\\htdocs\\ads107\\app\\Views\\problema_exibir.php', 165)
 2 SYSTEMPATH\View\View.php(224): include('C:\\xampp\\htdocs\\ads107\\app\\Views\\problema_exibir.php')
 3 SYSTEMPATH\View\View.php(227): CodeIgniter\View\View->CodeIgniter\View\{closure}()
 4 SYSTEMPATH\Common.php(1176): CodeIgniter\View\View->render('problema_exibir', [], true)
 5 APPPATH\Controllers\Problema.php(19): view('problema_exibir', [...])
 6 SYSTEMPATH\CodeIgniter.php(932): App\Controllers\Problema::exibir()
 7 SYSTEMPATH\CodeIgniter.php(497): CodeIgniter\CodeIgniter->runController(Object(App\Controllers\Problema))
 8 SYSTEMPATH\CodeIgniter.php(366): CodeIgniter\CodeIgniter->handleRequest(null, Object(Config\Cache), false)
 9 FCPATH\index.php(67): CodeIgniter\CodeIgniter->run()
CRITICAL - 2023-11-13 22:44:25 --> Call to undefined function form_dropdown()
in APPPATH\Views\problema_exibir.php on line 201.
 1 SYSTEMPATH\View\View.php(224): include()
 2 SYSTEMPATH\View\View.php(227): CodeIgniter\View\View->CodeIgniter\View\{closure}()
 3 SYSTEMPATH\Common.php(1176): CodeIgniter\View\View->render('problema_exibir', [], true)
 4 APPPATH\Controllers\Problema.php(30): view('problema_exibir', [...])
 5 SYSTEMPATH\CodeIgniter.php(932): App\Controllers\Problema::exibir()
 6 SYSTEMPATH\CodeIgniter.php(497): CodeIgniter\CodeIgniter->runController(Object(App\Controllers\Problema))
 7 SYSTEMPATH\CodeIgniter.php(366): CodeIgniter\CodeIgniter->handleRequest(null, Object(Config\Cache), false)
 8 FCPATH\index.php(67): CodeIgniter\CodeIgniter->run()
CRITICAL - 2023-11-13 22:44:26 --> Call to undefined function form_dropdown()
in APPPATH\Views\problema_exibir.php on line 201.
 1 SYSTEMPATH\View\View.php(224): include()
 2 SYSTEMPATH\View\View.php(227): CodeIgniter\View\View->CodeIgniter\View\{closure}()
 3 SYSTEMPATH\Common.php(1176): CodeIgniter\View\View->render('problema_exibir', [], true)
 4 APPPATH\Controllers\Problema.php(30): view('problema_exibir', [...])
 5 SYSTEMPATH\CodeIgniter.php(932): App\Controllers\Problema::exibir()
 6 SYSTEMPATH\CodeIgniter.php(497): CodeIgniter\CodeIgniter->runController(Object(App\Controllers\Problema))
 7 SYSTEMPATH\CodeIgniter.php(366): CodeIgniter\CodeIgniter->handleRequest(null, Object(Config\Cache), false)
 8 FCPATH\index.php(67): CodeIgniter\CodeIgniter->run()
